# JRE version: Java(TM) SE Runtime Environment (8.0_131-b11) (build 1.8.0_131-b11)
# Java VM: Java HotSpot(TM) 64-Bit Server VM (25.131-b11 mixed mode windows-amd64 compressed oops)
Heap:
 PSYoungGen      total 367616K, used 155419K [0x0000000756500000, 0x0000000770380000, 0x00000007c0000000)
  eden space 327680K, 47% used [0x0000000756500000,0x000000075fcc6d60,0x000000076a500000)
  from space 39936K, 0% used [0x000000076d180000,0x000000076d180000,0x000000076f880000)
  to   space 45568K, 0% used [0x000000076a500000,0x000000076a500000,0x000000076d180000)
 ParOldGen       total 115200K, used 49398K [0x0000000682e00000, 0x0000000689e80000, 0x0000000756500000)
  object space 115200K, 42% used [0x0000000682e00000,0x0000000685e3da08,0x0000000689e80000)
 Metaspace       used 42604K, capacity 43434K, committed 43648K, reserved 1087488K
  class space    used 5009K, capacity 5211K, committed 5248K, reserved 1048576K
GC Heap History (10 events):
Event: 9.890 GC heap before
{Heap before GC invocations=10 (full 1):
 PSYoungGen      total 255488K, used 255456K [0x0000000756500000, 0x0000000768b00000, 0x00000007c0000000)
  eden space 231936K, 100% used [0x0000000756500000,0x0000000764780000,0x0000000764780000)
  from space 23552K, 99% used [0x0000000766500000,0x0000000767bf8138,0x0000000767c00000)
  to   space 30208K, 0% used [0x0000000764780000,0x0000000764780000,0x0000000766500000)
 ParOldGen       total 115200K, used 32532K [0x0000000682e00000, 0x0000000689e80000, 0x0000000756500000)
  object space 115200K, 28% used [0x0000000682e00000,0x0000000684dc5298,0x0000000689e80000)
 Metaspace       used 24521K, capacity 25124K, committed 25344K, reserved 1071104K
  class space    used 2831K, capacity 2966K, committed 3072K, reserved 1048576K
Event: 9.925 GC heap after
Heap after GC invocations=10 (full 1):
 PSYoungGen      total 262144K, used 30200K [0x0000000756500000, 0x000000076f880000, 0x00000007c0000000)
  eden space 231936K, 0% used [0x0000000756500000,0x0000000756500000,0x0000000764780000)
  from space 30208K, 99% used [0x0000000764780000,0x00000007664fe068,0x0000000766500000)
  to   space 39936K, 0% used [0x000000076d180000,0x000000076d180000,0x000000076f880000)
 ParOldGen       total 115200K, used 47564K [0x0000000682e00000, 0x0000000689e80000, 0x0000000756500000)
  object space 115200K, 41% used [0x0000000682e00000,0x0000000685c733e8,0x0000000689e80000)
 Metaspace       used 24521K, capacity 25124K, committed 25344K, reserved 1071104K
  class space    used 2831K, capacity 2966K, committed 3072K, reserved 1048576K
}
Event: 10.651 GC heap before
{Heap before GC invocations=11 (full 1):
 PSYoungGen      total 262144K, used 262136K [0x0000000756500000, 0x000000076f880000, 0x00000007c0000000)
  eden space 231936K, 100% used [0x0000000756500000,0x0000000764780000,0x0000000764780000)
  from space 30208K, 99% used [0x0000000764780000,0x00000007664fe068,0x0000000766500000)
  to   space 39936K, 0% used [0x000000076d180000,0x000000076d180000,0x000000076f880000)
 ParOldGen       total 115200K, used 47564K [0x0000000682e00000, 0x0000000689e80000, 0x0000000756500000)
  object space 115200K, 41% used [0x0000000682e00000,0x0000000685c733e8,0x0000000689e80000)
 Metaspace       used 24531K, capacity 25126K, committed 25344K, reserved 1071104K
  class space    used 2832K, capacity 2968K, committed 3072K, reserved 1048576K
Event: 10.680 GC heap after
Heap after GC invocations=11 (full 1):
 PSYoungGen      total 367616K, used 39754K [0x0000000756500000, 0x0000000770380000, 0x00000007c0000000)
  eden space 327680K, 0% used [0x0000000756500000,0x0000000756500000,0x000000076a500000)
  from space 39936K, 99% used [0x000000076d180000,0x000000076f852940,0x000000076f880000)
  to   space 45568K, 0% used [0x000000076a500000,0x000000076a500000,0x000000076d180000)
 ParOldGen       total 115200K, used 52584K [0x0000000682e00000, 0x0000000689e80000, 0x0000000756500000)
  object space 115200K, 45% used [0x0000000682e00000,0x000000068615a110,0x0000000689e80000)
 Metaspace       used 24531K, capacity 25126K, committed 25344K, reserved 1071104K
  class space    used 2832K, capacity 2968K, committed 3072K, reserved 1048576K
}
Event: 13.013 GC heap before
{Heap before GC invocations=12 (full 1):
 PSYoungGen      total 367616K, used 367434K [0x0000000756500000, 0x0000000770380000, 0x00000007c0000000)
  eden space 327680K, 100% used [0x0000000756500000,0x000000076a500000,0x000000076a500000)
  from space 39936K, 99% used [0x000000076d180000,0x000000076f852940,0x000000076f880000)
  to   space 45568K, 0% used [0x000000076a500000,0x000000076a500000,0x000000076d180000)
 ParOldGen       total 115200K, used 52584K [0x0000000682e00000, 0x0000000689e80000, 0x0000000756500000)
  object space 115200K, 45% used [0x0000000682e00000,0x000000068615a110,0x0000000689e80000)
 Metaspace       used 34423K, capacity 35224K, committed 35416K, reserved 1081344K
  class space    used 4011K, capacity 4238K, committed 4352K, reserved 1048576K
Event: 13.043 GC heap after
Heap after GC invocations=12 (full 1):
 PSYoungGen      total 373248K, used 33185K [0x0000000756500000, 0x0000000770380000, 0x00000007c0000000)
  eden space 327680K, 0% used [0x0000000756500000,0x0000000756500000,0x000000076a500000)
  from space 45568K, 72% used [0x000000076a500000,0x000000076c568758,0x000000076d180000)
  to   space 39936K, 0% used [0x000000076d180000,0x000000076d180000,0x000000076f880000)
 ParOldGen       total 115200K, used 56017K [0x0000000682e00000, 0x0000000689e80000, 0x0000000756500000)
  object space 115200K, 48% used [0x0000000682e00000,0x00000006864b45e0,0x0000000689e80000)
 Metaspace       used 34423K, capacity 35224K, committed 35416K, reserved 1081344K
  class space    used 4011K, capacity 4238K, committed 4352K, reserved 1048576K
}
Event: 13.043 GC heap before
{Heap before GC invocations=13 (full 1):
 PSYoungGen      total 373248K, used 42773K [0x0000000756500000, 0x0000000770380000, 0x00000007c0000000)
  eden space 327680K, 2% used [0x0000000756500000,0x0000000756e5ce00,0x000000076a500000)
  from space 45568K, 72% used [0x000000076a500000,0x000000076c568758,0x000000076d180000)
  to   space 39936K, 0% used [0x000000076d180000,0x000000076d180000,0x000000076f880000)
 ParOldGen       total 115200K, used 56017K [0x0000000682e00000, 0x0000000689e80000, 0x0000000756500000)
  object space 115200K, 48% used [0x0000000682e00000,0x00000006864b45e0,0x0000000689e80000)
 Metaspace       used 34424K, capacity 35224K, committed 35416K, reserved 1081344K
  class space    used 4011K, capacity 4238K, committed 4352K, reserved 1048576K
Event: 13.060 GC heap after
Heap after GC invocations=13 (full 1):
 PSYoungGen      total 367616K, used 96K [0x0000000756500000, 0x0000000770380000, 0x00000007c0000000)
  eden space 327680K, 0% used [0x0000000756500000,0x0000000756500000,0x000000076a500000)
  from space 39936K, 0% used [0x000000076d180000,0x000000076d198000,0x000000076f880000)
  to   space 45568K, 0% used [0x000000076a500000,0x000000076a500000,0x000000076d180000)
 ParOldGen       total 115200K, used 88363K [0x0000000682e00000, 0x0000000689e80000, 0x0000000756500000)
  object space 115200K, 76% used [0x0000000682e00000,0x000000068844ac98,0x0000000689e80000)
 Metaspace       used 34424K, capacity 35224K, committed 35416K, reserved 1081344K
  class space    used 4011K, capacity 4238K, committed 4352K, reserved 1048576K
}
Event: 13.060 GC heap before
{Heap before GC invocations=14 (full 2):
 PSYoungGen      total 367616K, used 96K [0x0000000756500000, 0x0000000770380000, 0x00000007c0000000)
  eden space 327680K, 0% used [0x0000000756500000,0x0000000756500000,0x000000076a500000)
  from space 39936K, 0% used [0x000000076d180000,0x000000076d198000,0x000000076f880000)
  to   space 45568K, 0% used [0x000000076a500000,0x000000076a500000,0x000000076d180000)
 ParOldGen       total 115200K, used 88363K [0x0000000682e00000, 0x0000000689e80000, 0x0000000756500000)
  object space 115200K, 76% used [0x0000000682e00000,0x000000068844ac98,0x0000000689e80000)
 Metaspace       used 34424K, capacity 35224K, committed 35416K, reserved 1081344K
  class space    used 4011K, capacity 4238K, committed 4352K, reserved 1048576K
Event: 13.134 GC heap after
Heap after GC invocations=14 (full 2):
 PSYoungGen      total 367616K, used 0K [0x0000000756500000, 0x0000000770380000, 0x00000007c0000000)
  eden space 327680K, 0% used [0x0000000756500000,0x0000000756500000,0x000000076a500000)
  from space 39936K, 0% used [0x000000076d180000,0x000000076d180000,0x000000076f880000)
  to   space 45568K, 0% used [0x000000076a500000,0x000000076a500000,0x000000076d180000)
 ParOldGen       total 115200K, used 49398K [0x0000000682e00000, 0x0000000689e80000, 0x0000000756500000)
  object space 115200K, 42% used [0x0000000682e00000,0x0000000685e3da08,0x0000000689e80000)
 Metaspace       used 34424K, capacity 35224K, committed 35416K, reserved 1081344K
  class space    used 4011K, capacity 4238K, committed 4352K, reserved 1048576K
}

