# JRE version: Java(TM) SE Runtime Environment (8.0_131-b11) (build 1.8.0_131-b11)
# Java VM: Java HotSpot(TM) 64-Bit Server VM (25.131-b11 mixed mode windows-amd64 compressed oops)
Heap:
 PSYoungGen      total 162816K, used 60885K [0x0000000756500000, 0x0000000767b80000, 0x00000007c0000000)
  eden space 144896K, 29% used [0x0000000756500000,0x0000000758ef83c0,0x000000075f280000)
  from space 17920K, 99% used [0x000000075f280000,0x00000007603fd100,0x0000000760400000)
  to   space 36864K, 0% used [0x0000000765780000,0x0000000765780000,0x0000000767b80000)
 ParOldGen       total 109568K, used 58908K [0x0000000682e00000, 0x0000000689900000, 0x0000000756500000)
  object space 109568K, 53% used [0x0000000682e00000,0x0000000686787000,0x0000000689900000)
 Metaspace       used 24467K, capacity 25022K, committed 25216K, reserved 1071104K
  class space    used 2829K, capacity 2932K, committed 2944K, reserved 1048576K
GC Heap History (10 events):
Event: 6.594 GC heap before
{Heap before GC invocations=6 (full 1):
 PSYoungGen      total 95232K, used 81920K [0x0000000756500000, 0x0000000761f00000, 0x00000007c0000000)
  eden space 81920K, 100% used [0x0000000756500000,0x000000075b500000,0x000000075b500000)
  from space 13312K, 0% used [0x000000075c200000,0x000000075c200000,0x000000075cf00000)
  to   space 13312K, 0% used [0x000000075b500000,0x000000075b500000,0x000000075c200000)
 ParOldGen       total 109568K, used 11644K [0x0000000682e00000, 0x0000000689900000, 0x0000000756500000)
  object space 109568K, 10% used [0x0000000682e00000,0x000000068395f160,0x0000000689900000)
 Metaspace       used 24432K, capacity 25014K, committed 25216K, reserved 1071104K
  class space    used 2827K, capacity 2932K, committed 2944K, reserved 1048576K
Event: 6.610 GC heap after
Heap after GC invocations=6 (full 1):
 PSYoungGen      total 95232K, used 13281K [0x0000000756500000, 0x0000000761300000, 0x00000007c0000000)
  eden space 81920K, 0% used [0x0000000756500000,0x0000000756500000,0x000000075b500000)
  from space 13312K, 99% used [0x000000075b500000,0x000000075c1f8610,0x000000075c200000)
  to   space 15360K, 0% used [0x0000000760400000,0x0000000760400000,0x0000000761300000)
 ParOldGen       total 109568K, used 12013K [0x0000000682e00000, 0x0000000689900000, 0x0000000756500000)
  object space 109568K, 10% used [0x0000000682e00000,0x00000006839bb598,0x0000000689900000)
 Metaspace       used 24432K, capacity 25014K, committed 25216K, reserved 1071104K
  class space    used 2827K, capacity 2932K, committed 2944K, reserved 1048576K
}
Event: 7.010 GC heap before
{Heap before GC invocations=7 (full 1):
 PSYoungGen      total 95232K, used 95201K [0x0000000756500000, 0x0000000761300000, 0x00000007c0000000)
  eden space 81920K, 100% used [0x0000000756500000,0x000000075b500000,0x000000075b500000)
  from space 13312K, 99% used [0x000000075b500000,0x000000075c1f8610,0x000000075c200000)
  to   space 15360K, 0% used [0x0000000760400000,0x0000000760400000,0x0000000761300000)
 ParOldGen       total 109568K, used 12013K [0x0000000682e00000, 0x0000000689900000, 0x0000000756500000)
  object space 109568K, 10% used [0x0000000682e00000,0x00000006839bb598,0x0000000689900000)
 Metaspace       used 24443K, capacity 25014K, committed 25216K, reserved 1071104K
  class space    used 2827K, capacity 2932K, committed 2944K, reserved 1048576K
Event: 7.025 GC heap after
Heap after GC invocations=7 (full 1):
 PSYoungGen      total 160256K, used 15336K [0x0000000756500000, 0x0000000761680000, 0x00000007c0000000)
  eden space 144896K, 0% used [0x0000000756500000,0x0000000756500000,0x000000075f280000)
  from space 15360K, 99% used [0x0000000760400000,0x00000007612fa2d8,0x0000000761300000)
  to   space 17920K, 0% used [0x000000075f280000,0x000000075f280000,0x0000000760400000)
 ParOldGen       total 109568K, used 14309K [0x0000000682e00000, 0x0000000689900000, 0x0000000756500000)
  object space 109568K, 13% used [0x0000000682e00000,0x0000000683bf9788,0x0000000689900000)
 Metaspace       used 24443K, capacity 25014K, committed 25216K, reserved 1071104K
  class space    used 2827K, capacity 2932K, committed 2944K, reserved 1048576K
}
Event: 8.103 GC heap before
{Heap before GC invocations=8 (full 1):
 PSYoungGen      total 160256K, used 160232K [0x0000000756500000, 0x0000000761680000, 0x00000007c0000000)
  eden space 144896K, 100% used [0x0000000756500000,0x000000075f280000,0x000000075f280000)
  from space 15360K, 99% used [0x0000000760400000,0x00000007612fa2d8,0x0000000761300000)
  to   space 17920K, 0% used [0x000000075f280000,0x000000075f280000,0x0000000760400000)
 ParOldGen       total 109568K, used 14309K [0x0000000682e00000, 0x0000000689900000, 0x0000000756500000)
  object space 109568K, 13% used [0x0000000682e00000,0x0000000683bf9788,0x0000000689900000)
 Metaspace       used 24448K, capacity 25014K, committed 25216K, reserved 1071104K
  class space    used 2827K, capacity 2932K, committed 2944K, reserved 1048576K
Event: 8.131 GC heap after
Heap after GC invocations=8 (full 1):
 PSYoungGen      total 162816K, used 17914K [0x0000000756500000, 0x0000000761680000, 0x00000007c0000000)
  eden space 144896K, 0% used [0x0000000756500000,0x0000000756500000,0x000000075f280000)
  from space 17920K, 99% used [0x000000075f280000,0x00000007603fe840,0x0000000760400000)
  to   space 15360K, 0% used [0x0000000760400000,0x0000000760400000,0x0000000761300000)
 ParOldGen       total 109568K, used 23926K [0x0000000682e00000, 0x0000000689900000, 0x0000000756500000)
  object space 109568K, 21% used [0x0000000682e00000,0x000000068455db40,0x0000000689900000)
 Metaspace       used 24448K, capacity 25014K, committed 25216K, reserved 1071104K
  class space    used 2827K, capacity 2932K, committed 2944K, reserved 1048576K
}
Event: 8.842 GC heap before
{Heap before GC invocations=9 (full 1):
 PSYoungGen      total 162816K, used 162810K [0x0000000756500000, 0x0000000761680000, 0x00000007c0000000)
  eden space 144896K, 100% used [0x0000000756500000,0x000000075f280000,0x000000075f280000)
  from space 17920K, 99% used [0x000000075f280000,0x00000007603fe840,0x0000000760400000)
  to   space 15360K, 0% used [0x0000000760400000,0x0000000760400000,0x0000000761300000)
 ParOldGen       total 109568K, used 23926K [0x0000000682e00000, 0x0000000689900000, 0x0000000756500000)
  object space 109568K, 21% used [0x0000000682e00000,0x000000068455db40,0x0000000689900000)
 Metaspace       used 24467K, capacity 25022K, committed 25216K, reserved 1071104K
  class space    used 2829K, capacity 2932K, committed 2944K, reserved 1048576K
Event: 8.869 GC heap after
Heap after GC invocations=9 (full 1):
 PSYoungGen      total 160256K, used 15328K [0x0000000756500000, 0x0000000761680000, 0x00000007c0000000)
  eden space 144896K, 0% used [0x0000000756500000,0x0000000756500000,0x000000075f280000)
  from space 15360K, 99% used [0x0000000760400000,0x00000007612f8160,0x0000000761300000)
  to   space 17920K, 0% used [0x000000075f280000,0x000000075f280000,0x0000000760400000)
 ParOldGen       total 109568K, used 39886K [0x0000000682e00000, 0x0000000689900000, 0x0000000756500000)
  object space 109568K, 36% used [0x0000000682e00000,0x00000006854f3a28,0x0000000689900000)
 Metaspace       used 24467K, capacity 25022K, committed 25216K, reserved 1071104K
  class space    used 2829K, capacity 2932K, committed 2944K, reserved 1048576K
}
Event: 9.279 GC heap before
{Heap before GC invocations=10 (full 1):
 PSYoungGen      total 160256K, used 160224K [0x0000000756500000, 0x0000000761680000, 0x00000007c0000000)
  eden space 144896K, 100% used [0x0000000756500000,0x000000075f280000,0x000000075f280000)
  from space 15360K, 99% used [0x0000000760400000,0x00000007612f8160,0x0000000761300000)
  to   space 17920K, 0% used [0x000000075f280000,0x000000075f280000,0x0000000760400000)
 ParOldGen       total 109568K, used 39886K [0x0000000682e00000, 0x0000000689900000, 0x0000000756500000)
  object space 109568K, 36% used [0x0000000682e00000,0x00000006854f3a28,0x0000000689900000)
 Metaspace       used 24467K, capacity 25022K, committed 25216K, reserved 1071104K
  class space    used 2829K, capacity 2932K, committed 2944K, reserved 1048576K
Event: 9.307 GC heap after
Heap after GC invocations=10 (full 1):
 PSYoungGen      total 162816K, used 17908K [0x0000000756500000, 0x0000000767b80000, 0x00000007c0000000)
  eden space 144896K, 0% used [0x0000000756500000,0x0000000756500000,0x000000075f280000)
  from space 17920K, 99% used [0x000000075f280000,0x00000007603fd100,0x0000000760400000)
  to   space 36864K, 0% used [0x0000000765780000,0x0000000765780000,0x0000000767b80000)
 ParOldGen       total 109568K, used 58908K [0x0000000682e00000, 0x0000000689900000, 0x0000000756500000)
  object space 109568K, 53% used [0x0000000682e00000,0x0000000686787000,0x0000000689900000)
 Metaspace       used 24467K, capacity 25022K, committed 25216K, reserved 1071104K
  class space    used 2829K, capacity 2932K, committed 2944K, reserved 1048576K
}

